<?xml version="1.0" encoding="UTF-8"?>
<testng-results skipped="0" failed="0" ignored="0" total="1" passed="1">
  <reporter-output>
  </reporter-output>
  <suite name="hdfcbank.TestHello" duration-ms="197" started-at="2021-06-13T19:18:45Z" finished-at="2021-06-13T19:18:46Z">
    <groups>
    </groups>
    <test name="Command line test" duration-ms="197" started-at="2021-06-13T19:18:45Z" finished-at="2021-06-13T19:18:46Z">
      <class name="hdfcbank.TestHello">
        <test-method status="PASS" signature="test()[pri:0, instance:hdfcbank.TestHello@2c8d66b2]" name="test" duration-ms="52" started-at="2021-06-13T19:18:45Z" finished-at="2021-06-13T19:18:46Z">
          <reporter-output>
          </reporter-output>
        </test-method> <!-- test -->
      </class> <!-- hdfcbank.TestHello -->
    </test> <!-- Command line test -->
  </suite> <!-- hdfcbank.TestHello -->
</testng-results>
