<?xml version="1.0" encoding="UTF-8"?>
<testng-results skipped="0" failed="0" ignored="0" total="1" passed="1">
  <reporter-output>
  </reporter-output>
  <suite name="Default suite" duration-ms="227" started-at="2021-06-13T19:11:35Z" finished-at="2021-06-13T19:11:35Z">
    <groups>
    </groups>
    <test name="Default test" duration-ms="227" started-at="2021-06-13T19:11:35Z" finished-at="2021-06-13T19:11:35Z">
      <class name="hdfcbank.TestHello">
        <test-method status="PASS" signature="test()[pri:0, instance:hdfcbank.TestHello@56f4468b]" name="test" duration-ms="56" started-at="2021-06-13T19:11:35Z" finished-at="2021-06-13T19:11:35Z">
          <reporter-output>
          </reporter-output>
        </test-method> <!-- test -->
      </class> <!-- hdfcbank.TestHello -->
    </test> <!-- Default test -->
  </suite> <!-- Default suite -->
</testng-results>
